2023-03-19 16:15:16,044 [Worker-8: Loading available Gradle versions] INFO  o.e.b.c.i.u.g.PublishedGradleVersions - Gradle version information cache is up-to-date. Trying to read.
2023-03-31 17:03:23,712 [Worker-7: Loading available Gradle versions] INFO  o.e.b.c.i.u.g.PublishedGradleVersions - Gradle version information cache is out-of-date. Trying to update.
2023-04-06 09:58:08,553 [Worker-8: Loading available Gradle versions] INFO  o.e.b.c.i.u.g.PublishedGradleVersions - Gradle version information cache is up-to-date. Trying to read.
2023-04-23 15:57:02,005 [Worker-8: Loading available Gradle versions] INFO  o.e.b.c.i.u.g.PublishedGradleVersions - Gradle version information cache is up-to-date. Trying to read.
2023-05-15 14:46:44,736 [Worker-1: Loading available Gradle versions] INFO  o.e.b.c.i.u.g.PublishedGradleVersions - Gradle version information cache is out-of-date. Trying to update.
2023-05-15 15:51:59,072 [Worker-1: Loading available Gradle versions] INFO  o.e.b.c.i.u.g.PublishedGradleVersions - Gradle version information cache is up-to-date. Trying to read.
2023-05-15 15:52:48,470 [Worker-16: Updating Maven Dependencies] INFO  o.e.m.c.i.l.LifecycleMappingFactory - Using org.maven.ide.eclipse.wtp.WarLifecycleMapping lifecycle mapping for MavenProject: com.ptit:N1:0.0.1 @ D:\moulist\btl-lwt\pom.xml.
2023-05-15 15:52:49,130 [Worker-18: Building] INFO  o.e.m.c.i.l.LifecycleMappingFactory - Using org.maven.ide.eclipse.wtp.WarLifecycleMapping lifecycle mapping for MavenProject: com.ptit:N1:0.0.1 @ D:\moulist\btl-lwt\pom.xml.
2023-05-15 15:52:50,737 [Worker-18: Building] INFO  o.e.m.c.i.embedder.EclipseLogger - Using 'UTF-8' encoding to copy filtered resources.
2023-05-15 15:52:50,737 [Worker-18: Building] INFO  o.e.m.c.i.embedder.EclipseLogger - Using 'UTF-8' encoding to copy filtered properties files.
2023-05-15 15:52:50,745 [Worker-18: Building] INFO  o.e.m.c.i.embedder.EclipseLogger - Copying 1 resource
2023-05-15 15:52:50,772 [Worker-18: Building] INFO  o.e.m.c.i.embedder.EclipseLogger - Copying 178 resources
2023-05-15 15:52:51,948 [Worker-13: Download sources and javadoc] INFO  o.e.m.c.i.e.AbstractTransferListenerAdapter - Downloaded https://repo.maven.apache.org/maven2/antlr/antlr/2.7.7/antlr-2.7.7-javadoc.jar
2023-05-15 15:52:51,958 [Worker-13: Download sources and javadoc] ERROR o.e.m.j.internal.DownloadSourcesJob - Could not download javadoc for antlr:antlr:2.7.7
org.eclipse.core.runtime.CoreException: Could not resolve artifact antlr:antlr:jar:javadoc:2.7.7
	at org.eclipse.m2e.core.internal.embedder.MavenImpl.lambda$6(MavenImpl.java:587)
	at org.eclipse.m2e.core.internal.embedder.MavenExecutionContext.executeBare(MavenExecutionContext.java:364)
	at org.eclipse.m2e.core.internal.embedder.MavenExecutionContext.execute(MavenExecutionContext.java:227)
	at org.eclipse.m2e.core.internal.embedder.MavenExecutionContext.execute(MavenExecutionContext.java:213)
	at org.eclipse.m2e.core.internal.embedder.MavenImpl.resolve(MavenImpl.java:556)
	at org.eclipse.m2e.core.internal.embedder.MavenImpl.resolve(MavenImpl.java:541)
	at org.eclipse.m2e.jdt.internal.DownloadSourcesJob.download(DownloadSourcesJob.java:308)
	at org.eclipse.m2e.jdt.internal.DownloadSourcesJob.downloadAttachments(DownloadSourcesJob.java:294)
	at org.eclipse.m2e.jdt.internal.DownloadSourcesJob.downloadMaven(DownloadSourcesJob.java:252)
	at org.eclipse.m2e.jdt.internal.DownloadSourcesJob.downloadFilesAndPopulateToUpdate(DownloadSourcesJob.java:220)
	at org.eclipse.m2e.jdt.internal.DownloadSourcesJob.lambda$0(DownloadSourcesJob.java:149)
	at org.eclipse.m2e.core.internal.embedder.MavenExecutionContext.executeBare(MavenExecutionContext.java:364)
	at org.eclipse.m2e.core.internal.embedder.MavenExecutionContext.execute(MavenExecutionContext.java:274)
	at org.eclipse.m2e.core.internal.embedder.MavenExecutionContext.execute(MavenExecutionContext.java:213)
	at org.eclipse.m2e.core.embedder.IMaven.execute(IMaven.java:294)
	at org.eclipse.m2e.jdt.internal.DownloadSourcesJob.run(DownloadSourcesJob.java:149)
	at org.eclipse.core.internal.jobs.Worker.run(Worker.java:63)
2023-05-15 15:52:52,542 [Worker-18: Building] INFO  o.e.m.c.i.embedder.EclipseLogger - Using 'UTF-8' encoding to copy filtered resources.
2023-05-15 15:52:52,542 [Worker-18: Building] INFO  o.e.m.c.i.embedder.EclipseLogger - Using 'UTF-8' encoding to copy filtered properties files.
2023-05-15 15:52:52,542 [Worker-18: Building] INFO  o.e.m.c.i.embedder.EclipseLogger - skip non existing resourceDirectory D:\moulist\btl-lwt\src\test\resources
2023-05-15 15:52:53,852 [Worker-33: Updating Maven Dependencies] INFO  o.e.m.c.i.l.LifecycleMappingFactory - Using org.maven.ide.eclipse.wtp.WarLifecycleMapping lifecycle mapping for MavenProject: com.ptit:N1:0.0.1 @ D:\moulist\btl-lwt\pom.xml.
2023-05-15 15:52:57,159 [Worker-9: Building] INFO  o.e.m.c.i.embedder.EclipseLogger - Using 'UTF-8' encoding to copy filtered resources.
2023-05-15 15:52:57,159 [Worker-9: Building] INFO  o.e.m.c.i.embedder.EclipseLogger - Using 'UTF-8' encoding to copy filtered properties files.
2023-05-15 15:52:57,164 [Worker-9: Building] INFO  o.e.m.c.i.embedder.EclipseLogger - Copying 1 resource
2023-05-15 15:52:57,174 [Worker-9: Building] INFO  o.e.m.c.i.embedder.EclipseLogger - Copying 178 resources
2023-05-15 15:52:57,257 [Worker-9: Building] INFO  o.e.m.c.i.embedder.EclipseLogger - Using 'UTF-8' encoding to copy filtered resources.
2023-05-15 15:52:57,257 [Worker-9: Building] INFO  o.e.m.c.i.embedder.EclipseLogger - Using 'UTF-8' encoding to copy filtered properties files.
2023-05-15 15:52:57,257 [Worker-9: Building] INFO  o.e.m.c.i.embedder.EclipseLogger - skip non existing resourceDirectory D:\moulist\btl-lwt\src\test\resources
2023-05-15 15:53:22,371 [Worker-28: Building] INFO  o.e.m.c.i.embedder.EclipseLogger - Using 'UTF-8' encoding to copy filtered resources.
2023-05-15 15:53:22,371 [Worker-28: Building] INFO  o.e.m.c.i.embedder.EclipseLogger - Using 'UTF-8' encoding to copy filtered properties files.
2023-05-15 15:53:22,371 [Worker-28: Building] INFO  o.e.m.c.i.embedder.EclipseLogger - Copying 0 resource
2023-05-15 15:53:22,371 [Worker-28: Building] INFO  o.e.m.c.i.embedder.EclipseLogger - Copying 0 resource
2023-05-15 15:53:22,372 [Worker-28: Building] INFO  o.e.m.c.i.embedder.EclipseLogger - Using 'UTF-8' encoding to copy filtered resources.
2023-05-15 15:53:22,372 [Worker-28: Building] INFO  o.e.m.c.i.embedder.EclipseLogger - Using 'UTF-8' encoding to copy filtered properties files.
2023-05-15 15:53:22,372 [Worker-28: Building] INFO  o.e.m.c.i.embedder.EclipseLogger - skip non existing resourceDirectory D:\moulist\btl-lwt\src\test\resources
2023-06-11 14:10:27,693 [Worker-6: Loading available Gradle versions] INFO  o.e.b.c.i.u.g.PublishedGradleVersions - Gradle version information cache is up-to-date. Trying to read.
2023-06-11 16:57:16,576 [Worker-6: Loading available Gradle versions] INFO  o.e.b.c.i.u.g.PublishedGradleVersions - Gradle version information cache is up-to-date. Trying to read.
2023-06-11 16:58:33,628 [Worker-12: Updating Maven Dependencies] INFO  o.e.m.c.i.l.LifecycleMappingFactory - Using org.maven.ide.eclipse.wtp.WarLifecycleMapping lifecycle mapping for MavenProject: HaLaStore:HaLaStore:0.0.1-SNAPSHOT @ D:\btl_web\HaLaStore\pom.xml.
2023-06-11 17:07:15,379 [Worker-32: Updating Maven Project] INFO  o.e.m.c.i.p.ProjectConfigurationManager - Update started
2023-06-11 17:07:15,853 [Worker-32: Updating Maven Project] INFO  o.e.m.c.i.l.LifecycleMappingFactory - Using org.maven.ide.eclipse.wtp.WarLifecycleMapping lifecycle mapping for MavenProject: HaLaStore:HaLaStore:0.0.1-SNAPSHOT @ D:\btl_web\HaLaStore\pom.xml.
2023-06-11 17:07:16,692 [Worker-32: Updating Maven Project] INFO  o.e.m.j.i.AbstractJavaProjectConfigurator - Adding source folder /HaLaStore/src/main/java
2023-06-11 17:07:16,692 [Worker-32: Updating Maven Project] INFO  o.e.m.j.i.AbstractJavaProjectConfigurator - Adding source folder /HaLaStore/src/test/java
2023-06-11 17:07:17,397 [Worker-32: Updating Maven Project] INFO  o.e.m.w.i.f.ResourceFilteringBuildParticipant - Cleaning filtered folder for HaLaStore
2023-06-11 17:07:17,429 [Worker-32: Updating Maven Project] INFO  o.e.m.c.i.p.ProjectConfigurationManager - Update completed for 1 poms: local refresh takes 0.00 sec, refresh facades takes 1.00 sec, update config takes 0.00 sec 
2023-06-11 17:07:30,878 [Worker-39: Launching Executing clean in D__btl_web_HaLaStore] INFO  o.eclipse.m2e.core.internal.Bundles - getClasspathEntries(Bundle=org.eclipse.m2e.maven.runtime_3.8.701.20230209-1606 [610])
2023-06-11 17:07:30,894 [Worker-39: Launching Executing clean in D__btl_web_HaLaStore] INFO  o.eclipse.m2e.core.internal.Bundles - 	Entry: D:\eclipse\plugins\org.eclipse.m2e.maven.runtime_3.8.701.20230209-1606
2023-06-11 17:07:30,894 [Worker-39: Launching Executing clean in D__btl_web_HaLaStore] INFO  o.eclipse.m2e.core.internal.Bundles - 	Entry: D:\eclipse\plugins\org.eclipse.m2e.maven.runtime_3.8.701.20230209-1606\jars\aether-connector-okhttp-0.17.8.jar
2023-06-11 17:07:30,894 [Worker-39: Launching Executing clean in D__btl_web_HaLaStore] INFO  o.eclipse.m2e.core.internal.Bundles - 	Entry: D:\eclipse\plugins\org.eclipse.m2e.maven.runtime_3.8.701.20230209-1606\jars\commons-lang3-3.8.1.jar
2023-06-11 17:07:30,894 [Worker-39: Launching Executing clean in D__btl_web_HaLaStore] INFO  o.eclipse.m2e.core.internal.Bundles - 	Entry: D:\eclipse\plugins\org.eclipse.m2e.maven.runtime_3.8.701.20230209-1606\jars\guice-4.2.2-no_aop.jar
2023-06-11 17:07:30,894 [Worker-39: Launching Executing clean in D__btl_web_HaLaStore] INFO  o.eclipse.m2e.core.internal.Bundles - 	Entry: D:\eclipse\plugins\org.eclipse.m2e.maven.runtime_3.8.701.20230209-1606\jars\jansi-2.4.0.jar
2023-06-11 17:07:30,894 [Worker-39: Launching Executing clean in D__btl_web_HaLaStore] INFO  o.eclipse.m2e.core.internal.Bundles - 	Entry: D:\eclipse\plugins\org.eclipse.m2e.maven.runtime_3.8.701.20230209-1606\jars\maven-artifact-3.8.7.jar
2023-06-11 17:07:30,894 [Worker-39: Launching Executing clean in D__btl_web_HaLaStore] INFO  o.eclipse.m2e.core.internal.Bundles - 	Entry: D:\eclipse\plugins\org.eclipse.m2e.maven.runtime_3.8.701.20230209-1606\jars\maven-builder-support-3.8.7.jar
2023-06-11 17:07:30,894 [Worker-39: Launching Executing clean in D__btl_web_HaLaStore] INFO  o.eclipse.m2e.core.internal.Bundles - 	Entry: D:\eclipse\plugins\org.eclipse.m2e.maven.runtime_3.8.701.20230209-1606\jars\maven-compat-3.8.7.jar
2023-06-11 17:07:30,894 [Worker-39: Launching Executing clean in D__btl_web_HaLaStore] INFO  o.eclipse.m2e.core.internal.Bundles - 	Entry: D:\eclipse\plugins\org.eclipse.m2e.maven.runtime_3.8.701.20230209-1606\jars\maven-core-3.8.7.jar
2023-06-11 17:07:30,894 [Worker-39: Launching Executing clean in D__btl_web_HaLaStore] INFO  o.eclipse.m2e.core.internal.Bundles - 	Entry: D:\eclipse\plugins\org.eclipse.m2e.maven.runtime_3.8.701.20230209-1606\jars\maven-embedder-3.8.7.jar
2023-06-11 17:07:30,894 [Worker-39: Launching Executing clean in D__btl_web_HaLaStore] INFO  o.eclipse.m2e.core.internal.Bundles - 	Entry: D:\eclipse\plugins\org.eclipse.m2e.maven.runtime_3.8.701.20230209-1606\jars\maven-model-3.8.7.jar
2023-06-11 17:07:30,894 [Worker-39: Launching Executing clean in D__btl_web_HaLaStore] INFO  o.eclipse.m2e.core.internal.Bundles - 	Entry: D:\eclipse\plugins\org.eclipse.m2e.maven.runtime_3.8.701.20230209-1606\jars\maven-model-builder-3.8.7.jar
2023-06-11 17:07:30,895 [Worker-39: Launching Executing clean in D__btl_web_HaLaStore] INFO  o.eclipse.m2e.core.internal.Bundles - 	Entry: D:\eclipse\plugins\org.eclipse.m2e.maven.runtime_3.8.701.20230209-1606\jars\maven-plugin-api-3.8.7.jar
2023-06-11 17:07:30,895 [Worker-39: Launching Executing clean in D__btl_web_HaLaStore] INFO  o.eclipse.m2e.core.internal.Bundles - 	Entry: D:\eclipse\plugins\org.eclipse.m2e.maven.runtime_3.8.701.20230209-1606\jars\maven-repository-metadata-3.8.7.jar
2023-06-11 17:07:30,895 [Worker-39: Launching Executing clean in D__btl_web_HaLaStore] INFO  o.eclipse.m2e.core.internal.Bundles - 	Entry: D:\eclipse\plugins\org.eclipse.m2e.maven.runtime_3.8.701.20230209-1606\jars\maven-resolver-api-1.6.3.jar
2023-06-11 17:07:30,895 [Worker-39: Launching Executing clean in D__btl_web_HaLaStore] INFO  o.eclipse.m2e.core.internal.Bundles - 	Entry: D:\eclipse\plugins\org.eclipse.m2e.maven.runtime_3.8.701.20230209-1606\jars\maven-resolver-connector-basic-1.6.3.jar
2023-06-11 17:07:30,895 [Worker-39: Launching Executing clean in D__btl_web_HaLaStore] INFO  o.eclipse.m2e.core.internal.Bundles - 	Entry: D:\eclipse\plugins\org.eclipse.m2e.maven.runtime_3.8.701.20230209-1606\jars\maven-resolver-impl-1.6.3.jar
2023-06-11 17:07:30,896 [Worker-39: Launching Executing clean in D__btl_web_HaLaStore] INFO  o.eclipse.m2e.core.internal.Bundles - 	Entry: D:\eclipse\plugins\org.eclipse.m2e.maven.runtime_3.8.701.20230209-1606\jars\maven-resolver-provider-3.8.7.jar
2023-06-11 17:07:30,896 [Worker-39: Launching Executing clean in D__btl_web_HaLaStore] INFO  o.eclipse.m2e.core.internal.Bundles - 	Entry: D:\eclipse\plugins\org.eclipse.m2e.maven.runtime_3.8.701.20230209-1606\jars\maven-resolver-spi-1.6.3.jar
2023-06-11 17:07:30,896 [Worker-39: Launching Executing clean in D__btl_web_HaLaStore] INFO  o.eclipse.m2e.core.internal.Bundles - 	Entry: D:\eclipse\plugins\org.eclipse.m2e.maven.runtime_3.8.701.20230209-1606\jars\maven-resolver-transport-wagon-1.6.3.jar
2023-06-11 17:07:30,896 [Worker-39: Launching Executing clean in D__btl_web_HaLaStore] INFO  o.eclipse.m2e.core.internal.Bundles - 	Entry: D:\eclipse\plugins\org.eclipse.m2e.maven.runtime_3.8.701.20230209-1606\jars\maven-resolver-util-1.6.3.jar
2023-06-11 17:07:30,896 [Worker-39: Launching Executing clean in D__btl_web_HaLaStore] INFO  o.eclipse.m2e.core.internal.Bundles - 	Entry: D:\eclipse\plugins\org.eclipse.m2e.maven.runtime_3.8.701.20230209-1606\jars\maven-settings-3.8.7.jar
2023-06-11 17:07:30,896 [Worker-39: Launching Executing clean in D__btl_web_HaLaStore] INFO  o.eclipse.m2e.core.internal.Bundles - 	Entry: D:\eclipse\plugins\org.eclipse.m2e.maven.runtime_3.8.701.20230209-1606\jars\maven-settings-builder-3.8.7.jar
2023-06-11 17:07:30,896 [Worker-39: Launching Executing clean in D__btl_web_HaLaStore] INFO  o.eclipse.m2e.core.internal.Bundles - 	Entry: D:\eclipse\plugins\org.eclipse.m2e.maven.runtime_3.8.701.20230209-1606\jars\maven-shared-utils-3.3.4.jar
2023-06-11 17:07:30,896 [Worker-39: Launching Executing clean in D__btl_web_HaLaStore] INFO  o.eclipse.m2e.core.internal.Bundles - 	Entry: D:\eclipse\plugins\org.eclipse.m2e.maven.runtime_3.8.701.20230209-1606\jars\okhttp-3.14.1.jar
2023-06-11 17:07:30,896 [Worker-39: Launching Executing clean in D__btl_web_HaLaStore] INFO  o.eclipse.m2e.core.internal.Bundles - 	Entry: D:\eclipse\plugins\org.eclipse.m2e.maven.runtime_3.8.701.20230209-1606\jars\okio-1.17.3.jar
2023-06-11 17:07:30,896 [Worker-39: Launching Executing clean in D__btl_web_HaLaStore] INFO  o.eclipse.m2e.core.internal.Bundles - 	Entry: D:\eclipse\plugins\org.eclipse.m2e.maven.runtime_3.8.701.20230209-1606\jars\org.eclipse.sisu.inject-0.3.5.jar
2023-06-11 17:07:30,896 [Worker-39: Launching Executing clean in D__btl_web_HaLaStore] INFO  o.eclipse.m2e.core.internal.Bundles - 	Entry: D:\eclipse\plugins\org.eclipse.m2e.maven.runtime_3.8.701.20230209-1606\jars\org.eclipse.sisu.plexus-0.3.5.jar
2023-06-11 17:07:30,896 [Worker-39: Launching Executing clean in D__btl_web_HaLaStore] INFO  o.eclipse.m2e.core.internal.Bundles - 	Entry: D:\eclipse\plugins\org.eclipse.m2e.maven.runtime_3.8.701.20230209-1606\jars\plexus-build-api-0.0.7.jar
2023-06-11 17:07:30,896 [Worker-39: Launching Executing clean in D__btl_web_HaLaStore] INFO  o.eclipse.m2e.core.internal.Bundles - 	Entry: D:\eclipse\plugins\org.eclipse.m2e.maven.runtime_3.8.701.20230209-1606\jars\plexus-cipher-2.0.jar
2023-06-11 17:07:30,896 [Worker-39: Launching Executing clean in D__btl_web_HaLaStore] INFO  o.eclipse.m2e.core.internal.Bundles - 	Entry: D:\eclipse\plugins\org.eclipse.m2e.maven.runtime_3.8.701.20230209-1606\jars\plexus-classworlds-2.6.0.jar
2023-06-11 17:07:30,896 [Worker-39: Launching Executing clean in D__btl_web_HaLaStore] INFO  o.eclipse.m2e.core.internal.Bundles - 	Entry: D:\eclipse\plugins\org.eclipse.m2e.maven.runtime_3.8.701.20230209-1606\jars\plexus-component-annotations-2.1.0.jar
2023-06-11 17:07:30,896 [Worker-39: Launching Executing clean in D__btl_web_HaLaStore] INFO  o.eclipse.m2e.core.internal.Bundles - 	Entry: D:\eclipse\plugins\org.eclipse.m2e.maven.runtime_3.8.701.20230209-1606\jars\plexus-interpolation-1.26.jar
2023-06-11 17:07:30,896 [Worker-39: Launching Executing clean in D__btl_web_HaLaStore] INFO  o.eclipse.m2e.core.internal.Bundles - 	Entry: D:\eclipse\plugins\org.eclipse.m2e.maven.runtime_3.8.701.20230209-1606\jars\plexus-sec-dispatcher-2.0.jar
2023-06-11 17:07:30,896 [Worker-39: Launching Executing clean in D__btl_web_HaLaStore] INFO  o.eclipse.m2e.core.internal.Bundles - 	Entry: D:\eclipse\plugins\org.eclipse.m2e.maven.runtime_3.8.701.20230209-1606\jars\plexus-utils-3.3.1.jar
2023-06-11 17:07:30,896 [Worker-39: Launching Executing clean in D__btl_web_HaLaStore] INFO  o.eclipse.m2e.core.internal.Bundles - 	Entry: D:\eclipse\plugins\org.eclipse.m2e.maven.runtime_3.8.701.20230209-1606\jars\wagon-file-3.5.3.jar
2023-06-11 17:07:30,897 [Worker-39: Launching Executing clean in D__btl_web_HaLaStore] INFO  o.eclipse.m2e.core.internal.Bundles - 	Entry: D:\eclipse\plugins\org.eclipse.m2e.maven.runtime_3.8.701.20230209-1606\jars\wagon-provider-api-3.5.3.jar
2023-06-11 17:07:30,898 [Worker-39: Launching Executing clean in D__btl_web_HaLaStore] INFO  o.eclipse.m2e.core.internal.Bundles - getClasspathEntries(Bundle=com.google.guava_31.1.0.jre [11])
2023-06-11 17:07:30,901 [Worker-39: Launching Executing clean in D__btl_web_HaLaStore] INFO  o.eclipse.m2e.core.internal.Bundles - 	Entry: D:\eclipse\plugins\com.google.guava_31.1.0.jre.jar
2023-06-11 17:07:30,903 [Worker-39: Launching Executing clean in D__btl_web_HaLaStore] INFO  o.eclipse.m2e.core.internal.Bundles - getClasspathEntries(Bundle=slf4j.api_1.7.36 [924])
2023-06-11 17:07:30,904 [Worker-39: Launching Executing clean in D__btl_web_HaLaStore] INFO  o.eclipse.m2e.core.internal.Bundles - 	Entry: D:\eclipse\plugins\slf4j.api_1.7.36.jar
2023-06-11 17:07:30,904 [Worker-39: Launching Executing clean in D__btl_web_HaLaStore] INFO  o.eclipse.m2e.core.internal.Bundles - getClasspathEntries(Bundle=javax.inject_1.0.0.v20220405-0441 [35])
2023-06-11 17:07:30,905 [Worker-39: Launching Executing clean in D__btl_web_HaLaStore] INFO  o.eclipse.m2e.core.internal.Bundles - 	Entry: D:\eclipse\plugins\javax.inject_1.0.0.v20220405-0441.jar
2023-06-11 17:07:30,905 [Worker-39: Launching Executing clean in D__btl_web_HaLaStore] INFO  o.eclipse.m2e.core.internal.Bundles - getClasspathEntries(Bundle=javax.annotation_1.3.5.v20221203-1659 [33])
2023-06-11 17:07:30,906 [Worker-39: Launching Executing clean in D__btl_web_HaLaStore] INFO  o.eclipse.m2e.core.internal.Bundles - 	Entry: D:\eclipse\plugins\javax.annotation_1.3.5.v20221203-1659.jar
2023-06-11 17:07:30,906 [Worker-39: Launching Executing clean in D__btl_web_HaLaStore] INFO  o.eclipse.m2e.core.internal.Bundles - getClasspathEntries(Bundle=org.apache.commons.cli_1.4.0.v20221112-0806 [67])
2023-06-11 17:07:30,908 [Worker-39: Launching Executing clean in D__btl_web_HaLaStore] INFO  o.eclipse.m2e.core.internal.Bundles - 	Entry: D:\eclipse\plugins\org.apache.commons.cli_1.4.0.v20221112-0806.jar
2023-06-11 17:07:30,908 [Worker-39: Launching Executing clean in D__btl_web_HaLaStore] INFO  o.eclipse.m2e.core.internal.Bundles - getClasspathEntries(Bundle=com.google.guava.failureaccess_1.0.1 [13])
2023-06-11 17:07:30,909 [Worker-39: Launching Executing clean in D__btl_web_HaLaStore] INFO  o.eclipse.m2e.core.internal.Bundles - 	Entry: D:\eclipse\plugins\com.google.guava.failureaccess_1.0.1.jar
2023-06-11 17:07:30,913 [Worker-39: Launching Executing clean in D__btl_web_HaLaStore] INFO  o.e.m.i.launch.MavenLaunchDelegate - Run build in "D:\btl_web\HaLaStore":
2023-06-11 17:07:30,914 [Worker-39: Launching Executing clean in D__btl_web_HaLaStore] INFO  o.e.m.i.launch.MavenLaunchDelegate -  mvn  -B -Dstyle.color=always clean
2023-06-11 17:07:39,174 [Worker-42: Launching Executing install in D__btl_web_HaLaStore] INFO  o.e.m.i.launch.MavenLaunchDelegate - Run build in "D:\btl_web\HaLaStore":
2023-06-11 17:07:39,175 [Worker-42: Launching Executing install in D__btl_web_HaLaStore] INFO  o.e.m.i.launch.MavenLaunchDelegate -  mvn  -B -Dstyle.color=always install
2023-06-11 17:09:13,750 [Worker-32: Launching Executing clean in D__btl_web_HaLaStore] INFO  o.e.m.i.launch.MavenLaunchDelegate - Run build in "D:\btl_web\HaLaStore":
2023-06-11 17:09:13,750 [Worker-32: Launching Executing clean in D__btl_web_HaLaStore] INFO  o.e.m.i.launch.MavenLaunchDelegate -  mvn  -B -Dstyle.color=always clean
2023-06-11 17:09:21,394 [Worker-41: Launching Executing install in D__btl_web_HaLaStore] INFO  o.e.m.i.launch.MavenLaunchDelegate - Run build in "D:\btl_web\HaLaStore":
2023-06-11 17:09:21,395 [Worker-41: Launching Executing install in D__btl_web_HaLaStore] INFO  o.e.m.i.launch.MavenLaunchDelegate -  mvn  -B -Dstyle.color=always install
2023-06-11 17:11:13,327 [Worker-42: Launching Executing install in D__btl_web_HaLaStore] INFO  o.e.m.i.launch.MavenLaunchDelegate - Run build in "D:\btl_web\HaLaStore":
2023-06-11 17:11:13,327 [Worker-42: Launching Executing install in D__btl_web_HaLaStore] INFO  o.e.m.i.launch.MavenLaunchDelegate -  mvn  -B -Dstyle.color=always install
2023-06-11 17:12:15,850 [Worker-42: Updating Maven Project] INFO  o.e.m.c.i.p.ProjectConfigurationManager - Update started
2023-06-11 17:12:16,161 [Worker-42: Updating Maven Project] INFO  o.e.m.c.i.l.LifecycleMappingFactory - Using org.maven.ide.eclipse.wtp.WarLifecycleMapping lifecycle mapping for MavenProject: HaLaStore:HaLaStore:0.0.1-SNAPSHOT @ D:\btl_web\HaLaStore\pom.xml.
2023-06-11 17:12:16,849 [Worker-42: Updating Maven Project] INFO  o.e.m.j.i.AbstractJavaProjectConfigurator - Adding source folder /HaLaStore/src/main/java
2023-06-11 17:12:16,850 [Worker-42: Updating Maven Project] INFO  o.e.m.j.i.AbstractJavaProjectConfigurator - Adding source folder /HaLaStore/src/test/java
2023-06-11 17:12:17,222 [Worker-42: Updating Maven Project] INFO  o.e.m.w.i.f.ResourceFilteringBuildParticipant - Cleaning filtered folder for HaLaStore
2023-06-11 17:12:17,270 [Worker-42: Updating Maven Project] INFO  o.e.m.c.i.p.ProjectConfigurationManager - Update completed for 1 poms: local refresh takes 0.00 sec, refresh facades takes 0.00 sec, update config takes 0.00 sec 
2023-06-11 17:12:35,481 [Worker-2: Launching Executing install in D__btl_web_HaLaStore] INFO  o.e.m.i.launch.MavenLaunchDelegate - Run build in "D:\btl_web\HaLaStore":
2023-06-11 17:12:35,482 [Worker-2: Launching Executing install in D__btl_web_HaLaStore] INFO  o.e.m.i.launch.MavenLaunchDelegate -  mvn  -B -Dstyle.color=always install
2023-06-11 18:56:00,660 [Worker-5: Loading available Gradle versions] INFO  o.e.b.c.i.u.g.PublishedGradleVersions - Gradle version information cache is out-of-date. Trying to update.
2023-06-11 23:02:19,758 [Worker-7: Loading available Gradle versions] INFO  o.e.b.c.i.u.g.PublishedGradleVersions - Gradle version information cache is up-to-date. Trying to read.
2023-06-11 23:09:10,679 [Worker-30: Launching server.xml] WARN  o.e.m.c.i.embedder.EclipseLogger - Using platform encoding (Cp1252 actually) to copy filtered resources, i.e. build is platform dependent!
2023-06-11 23:09:10,683 [Worker-30: Launching server.xml] INFO  o.e.m.c.i.embedder.EclipseLogger - skip non existing resourceDirectory D:\btl_web\HaLaStore\src\main\resources
2023-06-11 23:09:10,689 [Worker-30: Launching server.xml] WARN  o.e.m.c.i.embedder.EclipseLogger - Using platform encoding (Cp1252 actually) to copy filtered resources, i.e. build is platform dependent!
2023-06-11 23:09:10,691 [Worker-30: Launching server.xml] INFO  o.e.m.c.i.embedder.EclipseLogger - skip non existing resourceDirectory D:\btl_web\HaLaStore\src\test\resources
2023-06-11 23:09:10,703 [Worker-30: Launching server.xml] INFO  o.e.m.w.i.f.ResourceFilteringBuildParticipant - Changed resources require a complete clean of filtered resources of HaLaStore
2023-06-11 23:09:10,704 [Worker-30: Launching server.xml] INFO  o.e.m.w.i.f.ResourceFilteringBuildParticipant - Executing resource filtering for HaLaStore
2023-06-11 23:19:13,457 [Worker-2: Launching HaLaStore (1)] WARN  o.e.m.c.i.embedder.EclipseLogger - Using platform encoding (Cp1252 actually) to copy filtered resources, i.e. build is platform dependent!
2023-06-11 23:19:13,459 [Worker-2: Launching HaLaStore (1)] INFO  o.e.m.c.i.embedder.EclipseLogger - skip non existing resourceDirectory D:\btl_web\HaLaStore\src\main\resources
2023-06-11 23:19:13,463 [Worker-2: Launching HaLaStore (1)] WARN  o.e.m.c.i.embedder.EclipseLogger - Using platform encoding (Cp1252 actually) to copy filtered resources, i.e. build is platform dependent!
2023-06-11 23:19:13,464 [Worker-2: Launching HaLaStore (1)] INFO  o.e.m.c.i.embedder.EclipseLogger - skip non existing resourceDirectory D:\btl_web\HaLaStore\src\test\resources
2023-06-11 23:20:09,550 [Worker-2: Loading available Gradle versions] INFO  o.e.b.c.i.u.g.PublishedGradleVersions - Gradle version information cache is up-to-date. Trying to read.
2023-06-11 23:27:09,370 [Worker-32: Launching userDAO] WARN  o.e.m.c.i.embedder.EclipseLogger - Using platform encoding (Cp1252 actually) to copy filtered resources, i.e. build is platform dependent!
2023-06-11 23:27:09,376 [Worker-32: Launching userDAO] INFO  o.e.m.c.i.embedder.EclipseLogger - skip non existing resourceDirectory D:\btl_web\HaLaStore\src\main\resources
2023-06-11 23:27:09,383 [Worker-32: Launching userDAO] WARN  o.e.m.c.i.embedder.EclipseLogger - Using platform encoding (Cp1252 actually) to copy filtered resources, i.e. build is platform dependent!
2023-06-11 23:27:09,384 [Worker-32: Launching userDAO] INFO  o.e.m.c.i.embedder.EclipseLogger - skip non existing resourceDirectory D:\btl_web\HaLaStore\src\test\resources
2023-06-11 23:31:59,376 [Worker-8: Launching HaLaStore (1)] WARN  o.e.m.c.i.embedder.EclipseLogger - Using platform encoding (Cp1252 actually) to copy filtered resources, i.e. build is platform dependent!
2023-06-11 23:31:59,378 [Worker-8: Launching HaLaStore (1)] INFO  o.e.m.c.i.embedder.EclipseLogger - skip non existing resourceDirectory D:\btl_web\HaLaStore\src\main\resources
2023-06-11 23:31:59,384 [Worker-8: Launching HaLaStore (1)] WARN  o.e.m.c.i.embedder.EclipseLogger - Using platform encoding (Cp1252 actually) to copy filtered resources, i.e. build is platform dependent!
2023-06-11 23:31:59,386 [Worker-8: Launching HaLaStore (1)] INFO  o.e.m.c.i.embedder.EclipseLogger - skip non existing resourceDirectory D:\btl_web\HaLaStore\src\test\resources
2023-06-11 23:33:05,508 [Worker-34: Launching Executing install in D__btl_web_HaLaStore] INFO  o.eclipse.m2e.core.internal.Bundles - getClasspathEntries(Bundle=org.eclipse.m2e.maven.runtime_3.8.701.20230209-1606 [610])
2023-06-11 23:33:05,517 [Worker-34: Launching Executing install in D__btl_web_HaLaStore] INFO  o.eclipse.m2e.core.internal.Bundles - 	Entry: D:\eclipse\plugins\org.eclipse.m2e.maven.runtime_3.8.701.20230209-1606
2023-06-11 23:33:05,517 [Worker-34: Launching Executing install in D__btl_web_HaLaStore] INFO  o.eclipse.m2e.core.internal.Bundles - 	Entry: D:\eclipse\plugins\org.eclipse.m2e.maven.runtime_3.8.701.20230209-1606\jars\aether-connector-okhttp-0.17.8.jar
2023-06-11 23:33:05,518 [Worker-34: Launching Executing install in D__btl_web_HaLaStore] INFO  o.eclipse.m2e.core.internal.Bundles - 	Entry: D:\eclipse\plugins\org.eclipse.m2e.maven.runtime_3.8.701.20230209-1606\jars\commons-lang3-3.8.1.jar
2023-06-11 23:33:05,518 [Worker-34: Launching Executing install in D__btl_web_HaLaStore] INFO  o.eclipse.m2e.core.internal.Bundles - 	Entry: D:\eclipse\plugins\org.eclipse.m2e.maven.runtime_3.8.701.20230209-1606\jars\guice-4.2.2-no_aop.jar
2023-06-11 23:33:05,518 [Worker-34: Launching Executing install in D__btl_web_HaLaStore] INFO  o.eclipse.m2e.core.internal.Bundles - 	Entry: D:\eclipse\plugins\org.eclipse.m2e.maven.runtime_3.8.701.20230209-1606\jars\jansi-2.4.0.jar
2023-06-11 23:33:05,518 [Worker-34: Launching Executing install in D__btl_web_HaLaStore] INFO  o.eclipse.m2e.core.internal.Bundles - 	Entry: D:\eclipse\plugins\org.eclipse.m2e.maven.runtime_3.8.701.20230209-1606\jars\maven-artifact-3.8.7.jar
2023-06-11 23:33:05,519 [Worker-34: Launching Executing install in D__btl_web_HaLaStore] INFO  o.eclipse.m2e.core.internal.Bundles - 	Entry: D:\eclipse\plugins\org.eclipse.m2e.maven.runtime_3.8.701.20230209-1606\jars\maven-builder-support-3.8.7.jar
2023-06-11 23:33:05,519 [Worker-34: Launching Executing install in D__btl_web_HaLaStore] INFO  o.eclipse.m2e.core.internal.Bundles - 	Entry: D:\eclipse\plugins\org.eclipse.m2e.maven.runtime_3.8.701.20230209-1606\jars\maven-compat-3.8.7.jar
2023-06-11 23:33:05,519 [Worker-34: Launching Executing install in D__btl_web_HaLaStore] INFO  o.eclipse.m2e.core.internal.Bundles - 	Entry: D:\eclipse\plugins\org.eclipse.m2e.maven.runtime_3.8.701.20230209-1606\jars\maven-core-3.8.7.jar
2023-06-11 23:33:05,519 [Worker-34: Launching Executing install in D__btl_web_HaLaStore] INFO  o.eclipse.m2e.core.internal.Bundles - 	Entry: D:\eclipse\plugins\org.eclipse.m2e.maven.runtime_3.8.701.20230209-1606\jars\maven-embedder-3.8.7.jar
2023-06-11 23:33:05,519 [Worker-34: Launching Executing install in D__btl_web_HaLaStore] INFO  o.eclipse.m2e.core.internal.Bundles - 	Entry: D:\eclipse\plugins\org.eclipse.m2e.maven.runtime_3.8.701.20230209-1606\jars\maven-model-3.8.7.jar
2023-06-11 23:33:05,519 [Worker-34: Launching Executing install in D__btl_web_HaLaStore] INFO  o.eclipse.m2e.core.internal.Bundles - 	Entry: D:\eclipse\plugins\org.eclipse.m2e.maven.runtime_3.8.701.20230209-1606\jars\maven-model-builder-3.8.7.jar
2023-06-11 23:33:05,519 [Worker-34: Launching Executing install in D__btl_web_HaLaStore] INFO  o.eclipse.m2e.core.internal.Bundles - 	Entry: D:\eclipse\plugins\org.eclipse.m2e.maven.runtime_3.8.701.20230209-1606\jars\maven-plugin-api-3.8.7.jar
2023-06-11 23:33:05,520 [Worker-34: Launching Executing install in D__btl_web_HaLaStore] INFO  o.eclipse.m2e.core.internal.Bundles - 	Entry: D:\eclipse\plugins\org.eclipse.m2e.maven.runtime_3.8.701.20230209-1606\jars\maven-repository-metadata-3.8.7.jar
2023-06-11 23:33:05,520 [Worker-34: Launching Executing install in D__btl_web_HaLaStore] INFO  o.eclipse.m2e.core.internal.Bundles - 	Entry: D:\eclipse\plugins\org.eclipse.m2e.maven.runtime_3.8.701.20230209-1606\jars\maven-resolver-api-1.6.3.jar
2023-06-11 23:33:05,520 [Worker-34: Launching Executing install in D__btl_web_HaLaStore] INFO  o.eclipse.m2e.core.internal.Bundles - 	Entry: D:\eclipse\plugins\org.eclipse.m2e.maven.runtime_3.8.701.20230209-1606\jars\maven-resolver-connector-basic-1.6.3.jar
2023-06-11 23:33:05,520 [Worker-34: Launching Executing install in D__btl_web_HaLaStore] INFO  o.eclipse.m2e.core.internal.Bundles - 	Entry: D:\eclipse\plugins\org.eclipse.m2e.maven.runtime_3.8.701.20230209-1606\jars\maven-resolver-impl-1.6.3.jar
2023-06-11 23:33:05,520 [Worker-34: Launching Executing install in D__btl_web_HaLaStore] INFO  o.eclipse.m2e.core.internal.Bundles - 	Entry: D:\eclipse\plugins\org.eclipse.m2e.maven.runtime_3.8.701.20230209-1606\jars\maven-resolver-provider-3.8.7.jar
2023-06-11 23:33:05,520 [Worker-34: Launching Executing install in D__btl_web_HaLaStore] INFO  o.eclipse.m2e.core.internal.Bundles - 	Entry: D:\eclipse\plugins\org.eclipse.m2e.maven.runtime_3.8.701.20230209-1606\jars\maven-resolver-spi-1.6.3.jar
2023-06-11 23:33:05,521 [Worker-34: Launching Executing install in D__btl_web_HaLaStore] INFO  o.eclipse.m2e.core.internal.Bundles - 	Entry: D:\eclipse\plugins\org.eclipse.m2e.maven.runtime_3.8.701.20230209-1606\jars\maven-resolver-transport-wagon-1.6.3.jar
2023-06-11 23:33:05,521 [Worker-34: Launching Executing install in D__btl_web_HaLaStore] INFO  o.eclipse.m2e.core.internal.Bundles - 	Entry: D:\eclipse\plugins\org.eclipse.m2e.maven.runtime_3.8.701.20230209-1606\jars\maven-resolver-util-1.6.3.jar
2023-06-11 23:33:05,521 [Worker-34: Launching Executing install in D__btl_web_HaLaStore] INFO  o.eclipse.m2e.core.internal.Bundles - 	Entry: D:\eclipse\plugins\org.eclipse.m2e.maven.runtime_3.8.701.20230209-1606\jars\maven-settings-3.8.7.jar
2023-06-11 23:33:05,521 [Worker-34: Launching Executing install in D__btl_web_HaLaStore] INFO  o.eclipse.m2e.core.internal.Bundles - 	Entry: D:\eclipse\plugins\org.eclipse.m2e.maven.runtime_3.8.701.20230209-1606\jars\maven-settings-builder-3.8.7.jar
2023-06-11 23:33:05,521 [Worker-34: Launching Executing install in D__btl_web_HaLaStore] INFO  o.eclipse.m2e.core.internal.Bundles - 	Entry: D:\eclipse\plugins\org.eclipse.m2e.maven.runtime_3.8.701.20230209-1606\jars\maven-shared-utils-3.3.4.jar
2023-06-11 23:33:05,521 [Worker-34: Launching Executing install in D__btl_web_HaLaStore] INFO  o.eclipse.m2e.core.internal.Bundles - 	Entry: D:\eclipse\plugins\org.eclipse.m2e.maven.runtime_3.8.701.20230209-1606\jars\okhttp-3.14.1.jar
2023-06-11 23:33:05,521 [Worker-34: Launching Executing install in D__btl_web_HaLaStore] INFO  o.eclipse.m2e.core.internal.Bundles - 	Entry: D:\eclipse\plugins\org.eclipse.m2e.maven.runtime_3.8.701.20230209-1606\jars\okio-1.17.3.jar
2023-06-11 23:33:05,522 [Worker-34: Launching Executing install in D__btl_web_HaLaStore] INFO  o.eclipse.m2e.core.internal.Bundles - 	Entry: D:\eclipse\plugins\org.eclipse.m2e.maven.runtime_3.8.701.20230209-1606\jars\org.eclipse.sisu.inject-0.3.5.jar
2023-06-11 23:33:05,522 [Worker-34: Launching Executing install in D__btl_web_HaLaStore] INFO  o.eclipse.m2e.core.internal.Bundles - 	Entry: D:\eclipse\plugins\org.eclipse.m2e.maven.runtime_3.8.701.20230209-1606\jars\org.eclipse.sisu.plexus-0.3.5.jar
2023-06-11 23:33:05,522 [Worker-34: Launching Executing install in D__btl_web_HaLaStore] INFO  o.eclipse.m2e.core.internal.Bundles - 	Entry: D:\eclipse\plugins\org.eclipse.m2e.maven.runtime_3.8.701.20230209-1606\jars\plexus-build-api-0.0.7.jar
2023-06-11 23:33:05,522 [Worker-34: Launching Executing install in D__btl_web_HaLaStore] INFO  o.eclipse.m2e.core.internal.Bundles - 	Entry: D:\eclipse\plugins\org.eclipse.m2e.maven.runtime_3.8.701.20230209-1606\jars\plexus-cipher-2.0.jar
2023-06-11 23:33:05,522 [Worker-34: Launching Executing install in D__btl_web_HaLaStore] INFO  o.eclipse.m2e.core.internal.Bundles - 	Entry: D:\eclipse\plugins\org.eclipse.m2e.maven.runtime_3.8.701.20230209-1606\jars\plexus-classworlds-2.6.0.jar
2023-06-11 23:33:05,523 [Worker-34: Launching Executing install in D__btl_web_HaLaStore] INFO  o.eclipse.m2e.core.internal.Bundles - 	Entry: D:\eclipse\plugins\org.eclipse.m2e.maven.runtime_3.8.701.20230209-1606\jars\plexus-component-annotations-2.1.0.jar
2023-06-11 23:33:05,523 [Worker-34: Launching Executing install in D__btl_web_HaLaStore] INFO  o.eclipse.m2e.core.internal.Bundles - 	Entry: D:\eclipse\plugins\org.eclipse.m2e.maven.runtime_3.8.701.20230209-1606\jars\plexus-interpolation-1.26.jar
2023-06-11 23:33:05,523 [Worker-34: Launching Executing install in D__btl_web_HaLaStore] INFO  o.eclipse.m2e.core.internal.Bundles - 	Entry: D:\eclipse\plugins\org.eclipse.m2e.maven.runtime_3.8.701.20230209-1606\jars\plexus-sec-dispatcher-2.0.jar
2023-06-11 23:33:05,523 [Worker-34: Launching Executing install in D__btl_web_HaLaStore] INFO  o.eclipse.m2e.core.internal.Bundles - 	Entry: D:\eclipse\plugins\org.eclipse.m2e.maven.runtime_3.8.701.20230209-1606\jars\plexus-utils-3.3.1.jar
2023-06-11 23:33:05,523 [Worker-34: Launching Executing install in D__btl_web_HaLaStore] INFO  o.eclipse.m2e.core.internal.Bundles - 	Entry: D:\eclipse\plugins\org.eclipse.m2e.maven.runtime_3.8.701.20230209-1606\jars\wagon-file-3.5.3.jar
2023-06-11 23:33:05,523 [Worker-34: Launching Executing install in D__btl_web_HaLaStore] INFO  o.eclipse.m2e.core.internal.Bundles - 	Entry: D:\eclipse\plugins\org.eclipse.m2e.maven.runtime_3.8.701.20230209-1606\jars\wagon-provider-api-3.5.3.jar
2023-06-11 23:33:05,528 [Worker-34: Launching Executing install in D__btl_web_HaLaStore] INFO  o.eclipse.m2e.core.internal.Bundles - getClasspathEntries(Bundle=com.google.guava_31.1.0.jre [11])
2023-06-11 23:33:05,530 [Worker-34: Launching Executing install in D__btl_web_HaLaStore] INFO  o.eclipse.m2e.core.internal.Bundles - 	Entry: D:\eclipse\plugins\com.google.guava_31.1.0.jre.jar
2023-06-11 23:33:05,531 [Worker-34: Launching Executing install in D__btl_web_HaLaStore] INFO  o.eclipse.m2e.core.internal.Bundles - getClasspathEntries(Bundle=slf4j.api_1.7.36 [924])
2023-06-11 23:33:05,532 [Worker-34: Launching Executing install in D__btl_web_HaLaStore] INFO  o.eclipse.m2e.core.internal.Bundles - 	Entry: D:\eclipse\plugins\slf4j.api_1.7.36.jar
2023-06-11 23:33:05,532 [Worker-34: Launching Executing install in D__btl_web_HaLaStore] INFO  o.eclipse.m2e.core.internal.Bundles - getClasspathEntries(Bundle=javax.inject_1.0.0.v20220405-0441 [35])
2023-06-11 23:33:05,534 [Worker-34: Launching Executing install in D__btl_web_HaLaStore] INFO  o.eclipse.m2e.core.internal.Bundles - 	Entry: D:\eclipse\plugins\javax.inject_1.0.0.v20220405-0441.jar
2023-06-11 23:33:05,534 [Worker-34: Launching Executing install in D__btl_web_HaLaStore] INFO  o.eclipse.m2e.core.internal.Bundles - getClasspathEntries(Bundle=javax.annotation_1.3.5.v20221203-1659 [33])
2023-06-11 23:33:05,536 [Worker-34: Launching Executing install in D__btl_web_HaLaStore] INFO  o.eclipse.m2e.core.internal.Bundles - 	Entry: D:\eclipse\plugins\javax.annotation_1.3.5.v20221203-1659.jar
2023-06-11 23:33:05,536 [Worker-34: Launching Executing install in D__btl_web_HaLaStore] INFO  o.eclipse.m2e.core.internal.Bundles - getClasspathEntries(Bundle=org.apache.commons.cli_1.4.0.v20221112-0806 [67])
2023-06-11 23:33:05,538 [Worker-34: Launching Executing install in D__btl_web_HaLaStore] INFO  o.eclipse.m2e.core.internal.Bundles - 	Entry: D:\eclipse\plugins\org.apache.commons.cli_1.4.0.v20221112-0806.jar
2023-06-11 23:33:05,538 [Worker-34: Launching Executing install in D__btl_web_HaLaStore] INFO  o.eclipse.m2e.core.internal.Bundles - getClasspathEntries(Bundle=com.google.guava.failureaccess_1.0.1 [13])
2023-06-11 23:33:05,540 [Worker-34: Launching Executing install in D__btl_web_HaLaStore] INFO  o.eclipse.m2e.core.internal.Bundles - 	Entry: D:\eclipse\plugins\com.google.guava.failureaccess_1.0.1.jar
2023-06-11 23:33:05,547 [Worker-34: Launching Executing install in D__btl_web_HaLaStore] INFO  o.e.m.i.launch.MavenLaunchDelegate - Run build in "D:\btl_web\HaLaStore":
2023-06-11 23:33:05,549 [Worker-34: Launching Executing install in D__btl_web_HaLaStore] INFO  o.e.m.i.launch.MavenLaunchDelegate -  mvn  -B -Dstyle.color=always install
2023-06-11 23:33:33,911 [Worker-35: Launching Executing clean in D__btl_web_HaLaStore] INFO  o.e.m.i.launch.MavenLaunchDelegate - Run build in "D:\btl_web\HaLaStore":
2023-06-11 23:33:33,911 [Worker-35: Launching Executing clean in D__btl_web_HaLaStore] INFO  o.e.m.i.launch.MavenLaunchDelegate -  mvn  -B -Dstyle.color=always clean
2023-06-11 23:33:44,211 [Worker-36: Launching Executing install in D__btl_web_HaLaStore] INFO  o.e.m.i.launch.MavenLaunchDelegate - Run build in "D:\btl_web\HaLaStore":
2023-06-11 23:33:44,212 [Worker-36: Launching Executing install in D__btl_web_HaLaStore] INFO  o.e.m.i.launch.MavenLaunchDelegate -  mvn  -B -Dstyle.color=always install
